<?xml version="1.0" encoding="UTF-8"?>
<testng-results ignored="0" total="1" passed="1" failed="0" skipped="0">
  <reporter-output>
  </reporter-output>
  <suite started-at="2022-10-31T00:34:58 IST" name="Suite" finished-at="2022-10-31T00:35:52 IST" duration-ms="54427">
    <groups>
    </groups>
    <test started-at="2022-10-31T00:34:58 IST" name="Test" finished-at="2022-10-31T00:35:52 IST" duration-ms="54427">
      <class name="mvndemoss.Mytest">
        <test-method signature="ebayee()[pri:0, instance:mvndemoss.Mytest@60bd273d]" started-at="2022-10-31T00:34:58 IST" name="ebayee" finished-at="2022-10-31T00:35:52 IST" duration-ms="54366" status="PASS">
          <reporter-output>
          </reporter-output>
        </test-method> <!-- ebayee -->
      </class> <!-- mvndemoss.Mytest -->
    </test> <!-- Test -->
  </suite> <!-- Suite -->
</testng-results>
